<?xml version="1.0" encoding="UTF-8"?>
<!-- Generated by org.testng.reporters.JUnitXMLReporter -->
<testsuite ignored="0" hostname="DESKTOP-PGVA324" failures="1" tests="5" name="Test" time="93.92" errors="0" timestamp="2022-08-18T11:57:06 GMT-04:00">
  <testcase classname="tests.FourTest" name="fourtest" time="46.722">
    <failure type="java.lang.AssertionError" message="expected [true] but found [false]">
      <![CDATA[java.lang.AssertionError: expected [true] but found [false]
at tests.FourTest.fourtest(FourTest.java:23)
at java.base/java.util.ArrayList.forEach(ArrayList.java:1511)
... Removed 31 stack frames]]>
    </failure>
  </testcase> <!-- fourtest -->
  <testcase classname="tests.TwoTest" name="twotest" time="0.001"/>
  <testcase classname="tests.LoginTest" name="login" time="3.272"/>
  <testcase classname="tests.LoginTest" name="login" time="15.894"/>
  <testcase classname="tests.ThreeTest" name="threetest" time="0.002"/>
</testsuite> <!-- Test -->
